E, [2017-11-16T18:06:07.041518 #1916] ERROR -- Kitchen: ------Exception-------
E, [2017-11-16T18:06:07.041518 #1916] ERROR -- Kitchen: Class: Kitchen::UserError
E, [2017-11-16T18:06:07.041518 #1916] ERROR -- Kitchen: Message: Could not load or activate Librarian-Chef (cannot load such file -- librarian/chef/environment)
E, [2017-11-16T18:06:07.041518 #1916] ERROR -- Kitchen: ----------------------
E, [2017-11-16T18:06:07.041518 #1916] ERROR -- Kitchen: ------Backtrace-------
E, [2017-11-16T18:06:07.041518 #1916] ERROR -- Kitchen: C:/opscode/chefdk/embedded/lib/ruby/gems/2.4.0/gems/test-kitchen-1.17.0/lib/kitchen/provisioner/chef/librarian.rb:102:in `rescue in load_librarian!'
E, [2017-11-16T18:06:07.041518 #1916] ERROR -- Kitchen: C:/opscode/chefdk/embedded/lib/ruby/gems/2.4.0/gems/test-kitchen-1.17.0/lib/kitchen/provisioner/chef/librarian.rb:87:in `load_librarian!'
E, [2017-11-16T18:06:07.042550 #1916] ERROR -- Kitchen: C:/opscode/chefdk/embedded/lib/ruby/gems/2.4.0/gems/test-kitchen-1.17.0/lib/kitchen/provisioner/chef/librarian.rb:50:in `load!'
E, [2017-11-16T18:06:07.043557 #1916] ERROR -- Kitchen: C:/opscode/chefdk/embedded/lib/ruby/gems/2.4.0/gems/test-kitchen-1.17.0/lib/kitchen/provisioner/chef_base.rb:315:in `load_needed_dependencies!'
E, [2017-11-16T18:06:07.043557 #1916] ERROR -- Kitchen: C:/opscode/chefdk/embedded/lib/ruby/gems/2.4.0/gems/test-kitchen-1.17.0/lib/kitchen/configurable.rb:52:in `finalize_config!'
E, [2017-11-16T18:06:07.043557 #1916] ERROR -- Kitchen: C:/opscode/chefdk/embedded/lib/ruby/gems/2.4.0/gems/test-kitchen-1.17.0/lib/kitchen/instance.rb:332:in `setup_provisioner'
E, [2017-11-16T18:06:07.043557 #1916] ERROR -- Kitchen: C:/opscode/chefdk/embedded/lib/ruby/gems/2.4.0/gems/test-kitchen-1.17.0/lib/kitchen/instance.rb:104:in `initialize'
E, [2017-11-16T18:06:07.043557 #1916] ERROR -- Kitchen: C:/opscode/chefdk/embedded/lib/ruby/gems/2.4.0/gems/test-kitchen-1.17.0/lib/kitchen/config.rb:240:in `new'
E, [2017-11-16T18:06:07.043557 #1916] ERROR -- Kitchen: C:/opscode/chefdk/embedded/lib/ruby/gems/2.4.0/gems/test-kitchen-1.17.0/lib/kitchen/config.rb:240:in `new_instance'
E, [2017-11-16T18:06:07.043557 #1916] ERROR -- Kitchen: C:/opscode/chefdk/embedded/lib/ruby/gems/2.4.0/gems/test-kitchen-1.17.0/lib/kitchen/config.rb:137:in `block in build_instances'
E, [2017-11-16T18:06:07.043557 #1916] ERROR -- Kitchen: C:/opscode/chefdk/embedded/lib/ruby/gems/2.4.0/gems/test-kitchen-1.17.0/lib/kitchen/config.rb:136:in `map'
E, [2017-11-16T18:06:07.043557 #1916] ERROR -- Kitchen: C:/opscode/chefdk/embedded/lib/ruby/gems/2.4.0/gems/test-kitchen-1.17.0/lib/kitchen/config.rb:136:in `with_index'
E, [2017-11-16T18:06:07.043557 #1916] ERROR -- Kitchen: C:/opscode/chefdk/embedded/lib/ruby/gems/2.4.0/gems/test-kitchen-1.17.0/lib/kitchen/config.rb:136:in `build_instances'
E, [2017-11-16T18:06:07.043557 #1916] ERROR -- Kitchen: C:/opscode/chefdk/embedded/lib/ruby/gems/2.4.0/gems/test-kitchen-1.17.0/lib/kitchen/config.rb:112:in `instances'
E, [2017-11-16T18:06:07.043557 #1916] ERROR -- Kitchen: C:/opscode/chefdk/embedded/lib/ruby/gems/2.4.0/gems/test-kitchen-1.17.0/lib/kitchen/command.rb:112:in `filtered_instances'
E, [2017-11-16T18:06:07.043557 #1916] ERROR -- Kitchen: C:/opscode/chefdk/embedded/lib/ruby/gems/2.4.0/gems/test-kitchen-1.17.0/lib/kitchen/command.rb:142:in `parse_subcommand'
E, [2017-11-16T18:06:07.043557 #1916] ERROR -- Kitchen: C:/opscode/chefdk/embedded/lib/ruby/gems/2.4.0/gems/test-kitchen-1.17.0/lib/kitchen/command/list.rb:30:in `call'
E, [2017-11-16T18:06:07.043557 #1916] ERROR -- Kitchen: C:/opscode/chefdk/embedded/lib/ruby/gems/2.4.0/gems/test-kitchen-1.17.0/lib/kitchen/cli.rb:53:in `perform'
E, [2017-11-16T18:06:07.043557 #1916] ERROR -- Kitchen: C:/opscode/chefdk/embedded/lib/ruby/gems/2.4.0/gems/test-kitchen-1.17.0/lib/kitchen/cli.rb:121:in `list'
E, [2017-11-16T18:06:07.043557 #1916] ERROR -- Kitchen: C:/opscode/chefdk/embedded/lib/ruby/gems/2.4.0/gems/thor-0.19.1/lib/thor/command.rb:27:in `run'
E, [2017-11-16T18:06:07.043557 #1916] ERROR -- Kitchen: C:/opscode/chefdk/embedded/lib/ruby/gems/2.4.0/gems/thor-0.19.1/lib/thor/invocation.rb:126:in `invoke_command'
E, [2017-11-16T18:06:07.043557 #1916] ERROR -- Kitchen: C:/opscode/chefdk/embedded/lib/ruby/gems/2.4.0/gems/test-kitchen-1.17.0/lib/kitchen/cli.rb:334:in `invoke_task'
E, [2017-11-16T18:06:07.043557 #1916] ERROR -- Kitchen: C:/opscode/chefdk/embedded/lib/ruby/gems/2.4.0/gems/thor-0.19.1/lib/thor.rb:359:in `dispatch'
E, [2017-11-16T18:06:07.043557 #1916] ERROR -- Kitchen: C:/opscode/chefdk/embedded/lib/ruby/gems/2.4.0/gems/thor-0.19.1/lib/thor/base.rb:440:in `start'
E, [2017-11-16T18:06:07.043557 #1916] ERROR -- Kitchen: C:/opscode/chefdk/embedded/lib/ruby/gems/2.4.0/gems/test-kitchen-1.17.0/bin/kitchen:13:in `block in <top (required)>'
E, [2017-11-16T18:06:07.043557 #1916] ERROR -- Kitchen: C:/opscode/chefdk/embedded/lib/ruby/gems/2.4.0/gems/test-kitchen-1.17.0/lib/kitchen/errors.rb:171:in `with_friendly_errors'
E, [2017-11-16T18:06:07.043557 #1916] ERROR -- Kitchen: C:/opscode/chefdk/embedded/lib/ruby/gems/2.4.0/gems/test-kitchen-1.17.0/bin/kitchen:13:in `<top (required)>'
E, [2017-11-16T18:06:07.043557 #1916] ERROR -- Kitchen: C:/opscode/chefdk/bin/kitchen:279:in `load'
E, [2017-11-16T18:06:07.044560 #1916] ERROR -- Kitchen: C:/opscode/chefdk/bin/kitchen:279:in `<main>'
E, [2017-11-16T18:06:07.044560 #1916] ERROR -- Kitchen: ----End Backtrace-----
E, [2017-11-16T18:06:07.044560 #1916] ERROR -- Kitchen: ---Nested Exception---
E, [2017-11-16T18:06:07.044560 #1916] ERROR -- Kitchen: Class: LoadError
E, [2017-11-16T18:06:07.044560 #1916] ERROR -- Kitchen: Message: cannot load such file -- librarian/chef/environment
E, [2017-11-16T18:06:07.044560 #1916] ERROR -- Kitchen: ----------------------
E, [2017-11-16T18:06:07.044560 #1916] ERROR -- Kitchen: ------Backtrace-------
E, [2017-11-16T18:06:07.044560 #1916] ERROR -- Kitchen: C:/opscode/chefdk/embedded/lib/ruby/gems/2.4.0/gems/test-kitchen-1.17.0/lib/kitchen/provisioner/chef/librarian.rb:102:in `rescue in load_librarian!'
E, [2017-11-16T18:06:07.044560 #1916] ERROR -- Kitchen: C:/opscode/chefdk/embedded/lib/ruby/gems/2.4.0/gems/test-kitchen-1.17.0/lib/kitchen/provisioner/chef/librarian.rb:87:in `load_librarian!'
E, [2017-11-16T18:06:07.044560 #1916] ERROR -- Kitchen: C:/opscode/chefdk/embedded/lib/ruby/gems/2.4.0/gems/test-kitchen-1.17.0/lib/kitchen/provisioner/chef/librarian.rb:50:in `load!'
E, [2017-11-16T18:06:07.044560 #1916] ERROR -- Kitchen: C:/opscode/chefdk/embedded/lib/ruby/gems/2.4.0/gems/test-kitchen-1.17.0/lib/kitchen/provisioner/chef_base.rb:315:in `load_needed_dependencies!'
E, [2017-11-16T18:06:07.044560 #1916] ERROR -- Kitchen: C:/opscode/chefdk/embedded/lib/ruby/gems/2.4.0/gems/test-kitchen-1.17.0/lib/kitchen/configurable.rb:52:in `finalize_config!'
E, [2017-11-16T18:06:07.044560 #1916] ERROR -- Kitchen: C:/opscode/chefdk/embedded/lib/ruby/gems/2.4.0/gems/test-kitchen-1.17.0/lib/kitchen/instance.rb:332:in `setup_provisioner'
E, [2017-11-16T18:06:07.044560 #1916] ERROR -- Kitchen: C:/opscode/chefdk/embedded/lib/ruby/gems/2.4.0/gems/test-kitchen-1.17.0/lib/kitchen/instance.rb:104:in `initialize'
E, [2017-11-16T18:06:07.044560 #1916] ERROR -- Kitchen: C:/opscode/chefdk/embedded/lib/ruby/gems/2.4.0/gems/test-kitchen-1.17.0/lib/kitchen/config.rb:240:in `new'
E, [2017-11-16T18:06:07.044560 #1916] ERROR -- Kitchen: C:/opscode/chefdk/embedded/lib/ruby/gems/2.4.0/gems/test-kitchen-1.17.0/lib/kitchen/config.rb:240:in `new_instance'
E, [2017-11-16T18:06:07.044560 #1916] ERROR -- Kitchen: C:/opscode/chefdk/embedded/lib/ruby/gems/2.4.0/gems/test-kitchen-1.17.0/lib/kitchen/config.rb:137:in `block in build_instances'
E, [2017-11-16T18:06:07.044560 #1916] ERROR -- Kitchen: C:/opscode/chefdk/embedded/lib/ruby/gems/2.4.0/gems/test-kitchen-1.17.0/lib/kitchen/config.rb:136:in `map'
E, [2017-11-16T18:06:07.044560 #1916] ERROR -- Kitchen: C:/opscode/chefdk/embedded/lib/ruby/gems/2.4.0/gems/test-kitchen-1.17.0/lib/kitchen/config.rb:136:in `with_index'
E, [2017-11-16T18:06:07.044560 #1916] ERROR -- Kitchen: C:/opscode/chefdk/embedded/lib/ruby/gems/2.4.0/gems/test-kitchen-1.17.0/lib/kitchen/config.rb:136:in `build_instances'
E, [2017-11-16T18:06:07.045562 #1916] ERROR -- Kitchen: C:/opscode/chefdk/embedded/lib/ruby/gems/2.4.0/gems/test-kitchen-1.17.0/lib/kitchen/config.rb:112:in `instances'
E, [2017-11-16T18:06:07.045562 #1916] ERROR -- Kitchen: C:/opscode/chefdk/embedded/lib/ruby/gems/2.4.0/gems/test-kitchen-1.17.0/lib/kitchen/command.rb:112:in `filtered_instances'
E, [2017-11-16T18:06:07.045562 #1916] ERROR -- Kitchen: C:/opscode/chefdk/embedded/lib/ruby/gems/2.4.0/gems/test-kitchen-1.17.0/lib/kitchen/command.rb:142:in `parse_subcommand'
E, [2017-11-16T18:06:07.045562 #1916] ERROR -- Kitchen: C:/opscode/chefdk/embedded/lib/ruby/gems/2.4.0/gems/test-kitchen-1.17.0/lib/kitchen/command/list.rb:30:in `call'
E, [2017-11-16T18:06:07.045562 #1916] ERROR -- Kitchen: C:/opscode/chefdk/embedded/lib/ruby/gems/2.4.0/gems/test-kitchen-1.17.0/lib/kitchen/cli.rb:53:in `perform'
E, [2017-11-16T18:06:07.046565 #1916] ERROR -- Kitchen: C:/opscode/chefdk/embedded/lib/ruby/gems/2.4.0/gems/test-kitchen-1.17.0/lib/kitchen/cli.rb:121:in `list'
E, [2017-11-16T18:06:07.046565 #1916] ERROR -- Kitchen: C:/opscode/chefdk/embedded/lib/ruby/gems/2.4.0/gems/thor-0.19.1/lib/thor/command.rb:27:in `run'
E, [2017-11-16T18:06:07.046565 #1916] ERROR -- Kitchen: C:/opscode/chefdk/embedded/lib/ruby/gems/2.4.0/gems/thor-0.19.1/lib/thor/invocation.rb:126:in `invoke_command'
E, [2017-11-16T18:06:07.046565 #1916] ERROR -- Kitchen: C:/opscode/chefdk/embedded/lib/ruby/gems/2.4.0/gems/test-kitchen-1.17.0/lib/kitchen/cli.rb:334:in `invoke_task'
E, [2017-11-16T18:06:07.046565 #1916] ERROR -- Kitchen: C:/opscode/chefdk/embedded/lib/ruby/gems/2.4.0/gems/thor-0.19.1/lib/thor.rb:359:in `dispatch'
E, [2017-11-16T18:06:07.046565 #1916] ERROR -- Kitchen: C:/opscode/chefdk/embedded/lib/ruby/gems/2.4.0/gems/thor-0.19.1/lib/thor/base.rb:440:in `start'
E, [2017-11-16T18:06:07.046565 #1916] ERROR -- Kitchen: C:/opscode/chefdk/embedded/lib/ruby/gems/2.4.0/gems/test-kitchen-1.17.0/bin/kitchen:13:in `block in <top (required)>'
E, [2017-11-16T18:06:07.046565 #1916] ERROR -- Kitchen: C:/opscode/chefdk/embedded/lib/ruby/gems/2.4.0/gems/test-kitchen-1.17.0/lib/kitchen/errors.rb:171:in `with_friendly_errors'
E, [2017-11-16T18:06:07.046565 #1916] ERROR -- Kitchen: C:/opscode/chefdk/embedded/lib/ruby/gems/2.4.0/gems/test-kitchen-1.17.0/bin/kitchen:13:in `<top (required)>'
E, [2017-11-16T18:06:07.046565 #1916] ERROR -- Kitchen: C:/opscode/chefdk/bin/kitchen:279:in `load'
E, [2017-11-16T18:06:07.046565 #1916] ERROR -- Kitchen: C:/opscode/chefdk/bin/kitchen:279:in `<main>'
E, [2017-11-16T18:06:07.046565 #1916] ERROR -- Kitchen: ----End Backtrace-----
